<?xml version="1.0" encoding="UTF-8"?>
<testng-results skipped="0" failed="0" ignored="0" total="1" passed="1">
  <reporter-output>
  </reporter-output>
  <suite name="Default suite" duration-ms="12827" started-at="2017-06-15T03:07:22Z" finished-at="2017-06-15T03:07:35Z">
    <groups>
    </groups>
    <test name="Default test" duration-ms="12827" started-at="2017-06-15T03:07:22Z" finished-at="2017-06-15T03:07:35Z">
      <class name="test.DaveHaef.Selenium.Tables">
        <test-method status="PASS" signature="setup()[pri:0, instance:test.DaveHaef.Selenium.Tables@146ba0ac]" name="setup" is-config="true" duration-ms="6375" started-at="2017-06-15T08:37:22Z" finished-at="2017-06-15T08:37:29Z">
          <reporter-output>
          </reporter-output>
        </test-method> <!-- setup -->
        <test-method status="PASS" signature="withoutHelpfulMarkupDueAscending()[pri:0, instance:test.DaveHaef.Selenium.Tables@146ba0ac]" name="withoutHelpfulMarkupDueAscending" duration-ms="5864" started-at="2017-06-15T08:37:29Z" finished-at="2017-06-15T08:37:35Z">
          <reporter-output>
          </reporter-output>
        </test-method> <!-- withoutHelpfulMarkupDueAscending -->
        <test-method status="PASS" signature="tearDown()[pri:0, instance:test.DaveHaef.Selenium.Tables@146ba0ac]" name="tearDown" is-config="true" duration-ms="574" started-at="2017-06-15T08:37:35Z" finished-at="2017-06-15T08:37:35Z">
          <reporter-output>
          </reporter-output>
        </test-method> <!-- tearDown -->
      </class> <!-- test.DaveHaef.Selenium.Tables -->
    </test> <!-- Default test -->
  </suite> <!-- Default suite -->
</testng-results>
