<?xml version="1.0" encoding="UTF-8"?>
<testng-results skipped="0" failed="0" ignored="0" total="1" passed="1">
  <reporter-output>
  </reporter-output>
  <suite name="Default suite" duration-ms="14222" started-at="2017-06-15T03:27:29Z" finished-at="2017-06-15T03:27:43Z">
    <groups>
    </groups>
    <test name="Default test" duration-ms="14222" started-at="2017-06-15T03:27:29Z" finished-at="2017-06-15T03:27:43Z">
      <class name="test.DaveHaef.Selenium.Tables">
        <test-method status="PASS" signature="setup()[pri:0, instance:test.DaveHaef.Selenium.Tables@146ba0ac]" name="setup" is-config="true" duration-ms="4818" started-at="2017-06-15T08:57:29Z" finished-at="2017-06-15T08:57:33Z">
          <reporter-output>
          </reporter-output>
        </test-method> <!-- setup -->
        <test-method status="PASS" signature="withoutHelpfulMarkupDueAscending()[pri:0, instance:test.DaveHaef.Selenium.Tables@146ba0ac]" name="withoutHelpfulMarkupDueAscending" duration-ms="8748" started-at="2017-06-15T08:57:33Z" finished-at="2017-06-15T08:57:42Z">
          <reporter-output>
          </reporter-output>
        </test-method> <!-- withoutHelpfulMarkupDueAscending -->
        <test-method status="PASS" signature="tearDown()[pri:0, instance:test.DaveHaef.Selenium.Tables@146ba0ac]" name="tearDown" is-config="true" duration-ms="644" started-at="2017-06-15T08:57:42Z" finished-at="2017-06-15T08:57:43Z">
          <reporter-output>
          </reporter-output>
        </test-method> <!-- tearDown -->
      </class> <!-- test.DaveHaef.Selenium.Tables -->
    </test> <!-- Default test -->
  </suite> <!-- Default suite -->
</testng-results>
